<?xml version="1.0" encoding="utf-8"?><testsuites name="pytest tests"><testsuite name="pytest" errors="0" failures="0" skipped="0" tests="102" time="99.021" timestamp="2025-10-07T15:59:01.786797+00:00" hostname="02b0e7b7d929"><testcase classname="tests._utils.test_report_test_metadata" name="test_report_test_metadata_outputs_deterministic_summary" time="0.018" /><testcase classname="tests._utils.test_report_test_metadata" name="test_report_test_metadata_filters_markers" time="0.003" /><testcase classname="tests.viterbo.geometry.halfspaces.test_halfspaces" name="test_reference_enumeration_matches_expected_square" time="1.258" /><testcase classname="tests.viterbo.geometry.halfspaces.test_halfspaces" name="test_fast_enumerator_matches_reference" time="1.077" /><testcase classname="tests.viterbo.geometry.halfspaces.test_halfspaces" name="test_remove_redundant_facets_discards_duplicates" time="1.050" /><testcase classname="tests.viterbo.geometry.polytopes.test_combinatorics" name="test_polytope_combinatorics_square_facets" time="0.799" /><testcase classname="tests.viterbo.geometry.polytopes.test_combinatorics" name="test_polytope_combinatorics_properties" time="2.023" /><testcase classname="tests.viterbo.geometry.polytopes.test_combinatorics" name="test_vertex_enumeration_matches_reference_shape" time="0.108" /><testcase classname="tests.viterbo.geometry.polytopes.test_combinatorics" name="test_polytope_combinatorics_cached_instances_are_reused" time="0.201" /><testcase classname="tests.viterbo.geometry.polytopes.test_combinatorics" name="test_halfspace_vertex_roundtrip" time="1.147" /><testcase classname="tests.viterbo.geometry.polytopes.test_combinatorics" name="test_polytope_fingerprint_invariant_to_metadata" time="0.003" /><testcase classname="tests.viterbo.geometry.polytopes.test_haim_kislev_action" name="test_haim_kislev_action_valid_order_matches_reference_capacity" time="0.036" /><testcase classname="tests.viterbo.geometry.polytopes.test_haim_kislev_action" name="test_haim_kislev_action_invalid_order_raises_value_error" time="0.025" /><testcase classname="tests.viterbo.geometry.polytopes.test_transforms" name="test_translate_polytope_updates_offsets" time="0.355" /><testcase classname="tests.viterbo.geometry.polytopes.test_transforms" name="test_cartesian_product_dimensions_add" time="0.090" /><testcase classname="tests.viterbo.geometry.polytopes.test_transforms" name="test_mirror_polytope_flips_coordinate" time="0.625" /><testcase classname="tests.viterbo.geometry.polytopes.test_transforms" name="test_rotate_polytope_consistency_in_plane" time="0.080" /><testcase classname="tests.viterbo.geometry.polytopes.test_transforms" name="test_random_affine_map_is_deterministic_per_seed" time="0.013" /><testcase classname="tests.viterbo.geometry.volume.test_volume" name="test_hypercube_volume_matches_closed_form" time="3.255" /><testcase classname="tests.viterbo.geometry.volume.test_volume" name="test_simplex_volume_positive" time="0.988" /><testcase classname="tests.viterbo.geometry.volume.test_volume" name="test_hypercube_samples_match_expected_volume" time="1.913" /><testcase classname="tests.viterbo.optimization.test_search" name="test_enumerate_search_space_deterministic" time="0.249" /><testcase classname="tests.viterbo.optimization.test_search" name="test_search_space_contains_catalog" time="1.735" /><testcase classname="tests.viterbo.optimization.test_search" name="test_iter_search_space_respects_max_candidates" time="0.040" /><testcase classname="tests.viterbo.optimization.test_search" name="test_iter_search_space_rejects_unknown_kwargs" time="0.003" /><testcase classname="tests.viterbo.optimization.test_search" name="test_iter_search_space_honours_dimension_cap" time="0.040" /><testcase classname="tests.viterbo.optimization.test_solvers" name="test_linear_program_validation_rejects_mismatched_rhs" time="0.003" /><testcase classname="tests.viterbo.optimization.test_solvers" name="test_scipy_backend_solves_simple_problem" time="0.040" /><testcase classname="tests.viterbo.optimization.test_solvers" name="test_solve_linear_program_uses_default_backend" time="0.006" /><testcase classname="tests.viterbo.optimization.test_solvers" name="test_mixed_integer_solver_respects_integrality_constraints" time="0.064" /><testcase classname="tests.viterbo.optimization.test_solvers" name="test_mixed_integer_solver_supports_maximisation" time="0.130" /><testcase classname="tests.viterbo.optimization.test_solvers" name="test_normalize_bounds_expands_scalars" time="0.115" /><testcase classname="tests.viterbo.optimization.test_solvers" name="test_normalize_bounds_validates_sequence" time="0.006" /><testcase classname="tests.viterbo.optimization.test_solvers" name="test_normalize_bounds_rejects_nan_entries" time="0.004" /><testcase classname="tests.viterbo.symplectic.capacity.facet_normals.test_algorithms" name="test_fast_matches_reference[simplex-2d-smoke]" time="2.371" /><testcase classname="tests.viterbo.symplectic.capacity.facet_normals.test_algorithms" name="test_symplectic_invariance_square" time="2.038" /><testcase classname="tests.viterbo.symplectic.capacity.facet_normals.test_algorithms" name="test_rejects_odd_dimension" time="0.003" /><testcase classname="tests.viterbo.symplectic.capacity.facet_normals.test_algorithms" name="test_prepare_subset_respects_tol" time="0.011" /><testcase classname="tests.viterbo.symplectic.capacity.facet_normals.test_fast" name="test_dynamic_program_matches_bruteforce" time="1.052" /><testcase classname="tests.viterbo.symplectic.capacity.facet_normals.test_fast" name="test_fast_implementation_matches_reference[simplex-2d-smoke]" time="0.099" /><testcase classname="tests.viterbo.symplectic.capacity.facet_normals.test_reference" name="test_capacity_matches_baseline[simplex-4d]" time="0.827" /><testcase classname="tests.viterbo.symplectic.capacity.facet_normals.test_reference" name="test_capacity_matches_baseline[truncated-simplex-4d]" time="2.125" /><testcase classname="tests.viterbo.symplectic.capacity.facet_normals.test_reference" name="test_capacity_scales_quadratically_under_dilation" time="1.679" /><testcase classname="tests.viterbo.symplectic.capacity.facet_normals.test_reference" name="test_capacity_is_translation_invariant" time="1.703" /><testcase classname="tests.viterbo.symplectic.capacity.facet_normals.test_reference" name="test_truncated_simplex_matches_known_subset_action" time="2.176" /><testcase classname="tests.viterbo.symplectic.capacity.facet_normals.test_reference" name="test_two_dimensional_simplex_matches_fast_capacity" time="0.103" /><testcase classname="tests.viterbo.symplectic.capacity.milp.test_benchmark" name="test_reference_solver_benchmark" time="4.466" /><testcase classname="tests.viterbo.symplectic.capacity.milp.test_fast" name="test_fast_solver_matches_reference[four_dimensional_simplex]" time="1.324" /><testcase classname="tests.viterbo.symplectic.capacity.milp.test_fast" name="test_fast_solver_matches_reference[truncated_simplex]" time="4.109" /><testcase classname="tests.viterbo.symplectic.capacity.milp.test_fast" name="test_fast_solver_improves_over_facet_fast" time="0.746" /><testcase classname="tests.viterbo.symplectic.capacity.milp.test_reference" name="test_reference_matches_facet_solution[simplex_polytope]" time="1.339" /><testcase classname="tests.viterbo.symplectic.capacity.milp.test_reference" name="test_reference_matches_facet_solution[truncated_simplex]" time="2.879" /><testcase classname="tests.viterbo.symplectic.capacity.milp.test_reference" name="test_reference_explores_all_subsets" time="0.395" /><testcase classname="tests.viterbo.symplectic.capacity.minkowski_billiards.test_minkowski_billiards" name="test_normal_fan_vertex_adjacency_for_hypercube[2]" time="0.696" /><testcase classname="tests.viterbo.symplectic.capacity.minkowski_billiards.test_minkowski_billiards" name="test_normal_fan_vertex_adjacency_for_hypercube[3]" time="0.751" /><testcase classname="tests.viterbo.symplectic.capacity.minkowski_billiards.test_minkowski_billiards" name="test_reference_minkowski_length_matches_hanner_bound" time="0.327" /><testcase classname="tests.viterbo.symplectic.capacity.minkowski_billiards.test_minkowski_billiards" name="test_fast_solver_matches_reference_on_polygon_products[squarexsquare]" time="2.457" /><testcase classname="tests.viterbo.symplectic.capacity.minkowski_billiards.test_minkowski_billiards" name="test_fast_solver_matches_reference_on_polygon_products[squarexhexagon]" time="4.380" /><testcase classname="tests.viterbo.symplectic.capacity.minkowski_billiards.test_minkowski_billiards" name="test_product_decomposition_matches_block_sum" time="1.988" /><testcase classname="tests.viterbo.symplectic.capacity.minkowski_billiards.test_minkowski_billiards" name="test_cycle_enumeration_avoids_duplicate_orientations" time="0.035" /><testcase classname="tests.viterbo.symplectic.capacity.minkowski_billiards.test_minkowski_billiards" name="test_cycle_enumeration_excludes_two_bounce_paths" time="0.073" /><testcase classname="tests.viterbo.symplectic.capacity.reeb_cycles.test_fast" name="test_fast_matches_reference[truncated_simplex_four_dim]" time="3.940" /><testcase classname="tests.viterbo.symplectic.capacity.reeb_cycles.test_fast" name="test_fast_matches_reference[&lt;lambda&gt;]" time="1.902" /><testcase classname="tests.viterbo.symplectic.capacity.reeb_cycles.test_graph" name="test_graph_has_edges[&lt;lambda&gt;0]" time="1.770" /><testcase classname="tests.viterbo.symplectic.capacity.reeb_cycles.test_graph" name="test_graph_has_edges[&lt;lambda&gt;1]" time="3.527" /><testcase classname="tests.viterbo.symplectic.capacity.reeb_cycles.test_graph" name="test_graph_requires_four_dimensions" time="0.005" /><testcase classname="tests.viterbo.symplectic.capacity.reeb_cycles.test_reference" name="test_reference_matches_facet_normals[truncated_simplex_four_dim]" time="4.535" /><testcase classname="tests.viterbo.symplectic.capacity.reeb_cycles.test_reference" name="test_reference_matches_facet_normals[&lt;lambda&gt;]" time="1.852" /><testcase classname="tests.viterbo.symplectic.capacity.reeb_cycles.test_reference" name="test_reference_agrees_with_polytope_metadata" time="2.417" /><testcase classname="tests.viterbo.symplectic.capacity.support_relaxation.test_fast" name="test_fast_solver_converges_on_unit_disk" time="1.100" /><testcase classname="tests.viterbo.symplectic.capacity.support_relaxation.test_fast" name="test_fast_solver_translation_invariant" time="0.448" /><testcase classname="tests.viterbo.symplectic.capacity.support_relaxation.test_fast" name="test_fast_solver_supports_softmax_kernel" time="1.121" /><testcase classname="tests.viterbo.symplectic.capacity.support_relaxation.test_reference" name="test_reference_solver_converges_on_unit_disk" time="1.295" /><testcase classname="tests.viterbo.symplectic.capacity.support_relaxation.test_reference" name="test_reference_solver_translation_invariant" time="0.480" /><testcase classname="tests.viterbo.symplectic.capacity.support_relaxation.test_reference" name="test_reference_solver_softmax_schedule" time="0.150" /><testcase classname="tests.viterbo.symplectic.capacity.symmetry_reduced.test_symmetry_reduced" name="test_detect_opposite_pairs_hypercube" time="0.004" /><testcase classname="tests.viterbo.symplectic.capacity.symmetry_reduced.test_symmetry_reduced" name="test_detect_opposite_pairs_cross_polytope" time="0.004" /><testcase classname="tests.viterbo.symplectic.capacity.symmetry_reduced.test_symmetry_reduced" name="test_reference_symmetry_matches_full[B0-c0-hypercube-2d]" time="1.249" /><testcase classname="tests.viterbo.symplectic.capacity.symmetry_reduced.test_symmetry_reduced" name="test_reference_symmetry_matches_full[B1-c1-cross-polytope-2d]" time="0.156" /><testcase classname="tests.viterbo.symplectic.capacity.symmetry_reduced.test_symmetry_reduced" name="test_reference_symmetry_matches_full[B2-c2-hypercube-3d]" time="0.002" /><testcase classname="tests.viterbo.symplectic.capacity.symmetry_reduced.test_symmetry_reduced" name="test_fast_symmetry_matches_full[B0-c0-hypercube-2d]" time="0.209" /><testcase classname="tests.viterbo.symplectic.capacity.symmetry_reduced.test_symmetry_reduced" name="test_fast_symmetry_matches_full[B1-c1-cross-polytope-2d]" time="0.215" /><testcase classname="tests.viterbo.symplectic.capacity.symmetry_reduced.test_symmetry_reduced" name="test_fast_symmetry_matches_full[B2-c2-hypercube-3d]" time="0.002" /><testcase classname="tests.viterbo.symplectic.capacity.symmetry_reduced.test_symmetry_reduced" name="test_solver_respects_pairing_overrides" time="0.220" /><testcase classname="tests.viterbo.symplectic.capacity.symmetry_reduced.test_symmetry_reduced" name="test_canonical_subset_allows_paired_facets" time="0.002" /><testcase classname="tests.viterbo.symplectic.systolic.test_systolic" name="test_systolic_ratio_translation_invariant" time="0.931" /><testcase classname="tests.viterbo.symplectic.systolic.test_systolic" name="test_systolic_ratio_scale_invariant" time="0.948" /><testcase classname="tests.viterbo.symplectic.systolic.test_systolic" name="test_simplex_ratio_positive" time="0.474" /><testcase classname="tests.viterbo.symplectic.systolic.test_systolic" name="test_raw_halfspace_input_validates_shapes" time="0.004" /><testcase classname="tests.viterbo.symplectic.test_core" name="test_standard_symplectic_matrix_structure" time="0.005" /><testcase classname="tests.viterbo.symplectic.test_core" name="test_standard_symplectic_matrix_requires_even_dimension[1]" time="0.002" /><testcase classname="tests.viterbo.symplectic.test_core" name="test_standard_symplectic_matrix_requires_even_dimension[3]" time="0.002" /><testcase classname="tests.viterbo.symplectic.test_core" name="test_symplectic_product_default_matrix" time="0.075" /><testcase classname="tests.viterbo.symplectic.test_core" name="test_symplectic_product_custom_matrix" time="0.072" /><testcase classname="tests.viterbo.symplectic.test_core" name="test_support_function_simplex" time="0.063" /><testcase classname="tests.viterbo.symplectic.test_core" name="test_minkowski_sum_pairwise_vertices" time="0.136" /><testcase classname="tests.viterbo.symplectic.test_core" name="test_support_function_validates_inputs" time="0.026" /><testcase classname="tests.viterbo.symplectic.test_core" name="test_minkowski_sum_validates_inputs" time="0.025" /><testcase classname="tests.viterbo.symplectic.test_core" name="test_normalize_vector_unit_length" time="0.081" /><testcase classname="tests.viterbo.symplectic.test_core" name="test_normalize_vector_zero_vector_raises" time="0.043" /><testcase classname="tests.viterbo.symplectic.test_core" name="test_normalize_vector_accepts_list_input" time="0.044" /><testcase classname="tests.viterbo.symplectic.test_core" name="test_zero_tolerance_reasonable" time="0.001" /></testsuite></testsuites>